{"level":"info","message":"User Activity: OPTIONS /users/details - ::1","timestamp":"2025-05-02T12:36:18.411Z"}
{"level":"info","message":"User Activity: OPTIONS /users/details - ::1","timestamp":"2025-05-02T12:36:18.429Z"}
{"level":"info","message":"User Activity: OPTIONS /users/details - ::1","timestamp":"2025-05-02T12:36:18.441Z"}
{"level":"info","message":"User Activity: OPTIONS /users/details - ::1","timestamp":"2025-05-02T12:36:18.443Z"}
{"level":"info","message":"User Activity: OPTIONS /courses/ - ::1","timestamp":"2025-05-02T12:36:18.453Z"}
{"level":"info","message":"User Activity: OPTIONS /courses/ - ::1","timestamp":"2025-05-02T12:36:18.461Z"}
{"level":"info","message":"User Activity: GET /users/details - ::1","timestamp":"2025-05-02T12:36:18.463Z"}
{"level":"info","message":"User Activity: GET /courses/ - ::1","timestamp":"2025-05-02T12:36:18.472Z"}
{"level":"info","message":"User Activity: GET /users/details - ::1","timestamp":"2025-05-02T12:36:18.478Z"}
{"level":"info","message":"User Activity: GET /users/details - ::1","timestamp":"2025-05-02T12:36:18.484Z"}
{"level":"info","message":"User Activity: GET /users/details - ::1","timestamp":"2025-05-02T12:36:18.493Z"}
{"level":"info","message":"User Activity: GET /courses/ - ::1","timestamp":"2025-05-02T12:36:18.531Z"}
{"level":"info","message":"User Activity: GET /users/details - ::1","timestamp":"2025-05-02T12:36:21.562Z"}
{"level":"info","message":"User Activity: GET /users/details - ::1","timestamp":"2025-05-02T12:36:21.582Z"}
{"level":"info","message":"User Activity: GET /users/logout - ::1","timestamp":"2025-05-02T12:36:24.894Z"}
{"level":"info","message":"User Activity: OPTIONS /users/details - ::1","timestamp":"2025-05-02T12:36:32.885Z"}
{"level":"info","message":"User Activity: OPTIONS /courses/ - ::1","timestamp":"2025-05-02T12:36:32.892Z"}
{"level":"info","message":"User Activity: OPTIONS /courses/ - ::1","timestamp":"2025-05-02T12:36:32.985Z"}
{"level":"info","message":"User Activity: OPTIONS /users/details - ::1","timestamp":"2025-05-02T12:36:32.987Z"}
{"level":"info","message":"User Activity: GET /users/details - ::1","timestamp":"2025-05-02T12:36:32.991Z"}
{"level":"info","message":"User Activity: GET /courses/ - ::1","timestamp":"2025-05-02T12:36:33.201Z"}
{"level":"info","message":"User Activity: GET /users/details - ::1","timestamp":"2025-05-02T12:36:33.205Z"}
{"level":"info","message":"User Activity: GET /courses/ - ::1","timestamp":"2025-05-02T12:36:33.257Z"}
{"level":"info","message":"User Activity: GET /api/captcha - ::1","timestamp":"2025-05-02T12:36:36.470Z"}
{"level":"info","message":"User Activity: GET /api/captcha - ::1","timestamp":"2025-05-02T12:36:36.487Z"}
{"level":"info","message":"User Activity: GET /api/captcha - ::1","timestamp":"2025-05-02T12:36:50.560Z"}
{"level":"info","message":"User Activity: OPTIONS /users/details - ::1","timestamp":"2025-05-02T12:36:50.567Z"}
{"level":"info","message":"User Activity: OPTIONS /users/details - ::1","timestamp":"2025-05-02T12:36:50.568Z"}
{"level":"info","message":"User Activity: GET /users/details - ::1","timestamp":"2025-05-02T12:36:50.569Z"}
{"level":"info","message":"User Activity: GET /users/details - ::1","timestamp":"2025-05-02T12:36:50.572Z"}
