{"level":"info","message":"User Activity: OPTIONS /courses/ - ::1","timestamp":"2025-02-01T05:25:15.497Z"}
{"level":"info","message":"User Activity: OPTIONS /courses/ - ::1","timestamp":"2025-02-01T05:25:15.509Z"}
{"level":"info","message":"User Activity: OPTIONS /courses/ - ::1","timestamp":"2025-02-01T05:25:15.512Z"}
{"level":"info","message":"User Activity: OPTIONS /courses/ - ::1","timestamp":"2025-02-01T05:25:15.515Z"}
{"level":"info","message":"User Activity: GET /courses/ - ::1","timestamp":"2025-02-01T05:25:15.521Z"}
{"level":"info","message":"User Activity: GET /courses/ - ::1","timestamp":"2025-02-01T05:25:15.608Z"}
{"level":"info","message":"User Activity: GET /courses/ - ::1","timestamp":"2025-02-01T05:25:15.673Z"}
{"level":"info","message":"User Activity: GET /courses/ - ::1","timestamp":"2025-02-01T05:25:15.741Z"}
{"level":"info","message":"User Activity: GET /api/captcha - ::1","timestamp":"2025-02-01T05:25:18.560Z"}
{"level":"info","message":"User Activity: GET /api/captcha - ::1","timestamp":"2025-02-01T05:25:18.625Z"}
{"level":"info","message":"User Activity: OPTIONS /api/verify-captcha - ::1","timestamp":"2025-02-01T05:25:44.814Z"}
{"level":"info","message":"User Activity: POST /api/verify-captcha - ::1","timestamp":"2025-02-01T05:25:44.836Z"}
{"level":"info","message":"User Activity: OPTIONS /users/login - ::1","timestamp":"2025-02-01T05:25:46.376Z"}
{"level":"info","message":"User Activity: POST /users/login - ::1","timestamp":"2025-02-01T05:25:46.378Z"}
{"level":"info","message":"User b93cfc5cab131328f2a4153a4da0c814:ad60ae508407cf23d76b66327e8436b4c59deb9522811747a0c56404c2c19553 logged in at 2025-02-01T05:25:46.541Z","timestamp":"2025-02-01T05:25:46.541Z"}
{"level":"info","message":"User Activity: OPTIONS /users/details - ::1","timestamp":"2025-02-01T05:25:46.611Z"}
{"level":"info","message":"User Activity: GET /users/details - ::1","timestamp":"2025-02-01T05:25:46.613Z"}
{"level":"info","message":"User Activity: OPTIONS /courses/ - ::1","timestamp":"2025-02-01T05:25:46.767Z"}
{"level":"info","message":"User Activity: OPTIONS /courses/ - ::1","timestamp":"2025-02-01T05:25:46.771Z"}
{"level":"info","message":"User Activity: GET /courses/ - ::1","timestamp":"2025-02-01T05:25:46.777Z"}
{"level":"info","message":"User Activity: GET /courses/ - ::1","timestamp":"2025-02-01T05:25:46.839Z"}
{"level":"info","message":"User Activity: GET /news - ::1","timestamp":"2025-02-01T05:25:56.457Z"}
{"level":"info","message":"User Activity: GET /news - ::1","timestamp":"2025-02-01T05:25:56.520Z"}
{"level":"info","message":"User Activity: GET /users/reset-password - ::1","timestamp":"2025-02-01T05:25:57.609Z"}
{"level":"info","message":"User Activity: OPTIONS /users/details - ::1","timestamp":"2025-02-01T05:25:57.613Z"}
{"level":"info","message":"User Activity: OPTIONS /users/details - ::1","timestamp":"2025-02-01T05:25:57.615Z"}
{"level":"info","message":"User Activity: GET /users/details - ::1","timestamp":"2025-02-01T05:25:57.622Z"}
{"level":"info","message":"User Activity: GET /users/details - ::1","timestamp":"2025-02-01T05:25:57.689Z"}
{"level":"info","message":"User Activity: GET /users/reset-password - ::1","timestamp":"2025-02-01T05:25:57.695Z"}
{"level":"info","message":"User Activity: GET /api/captcha - ::1","timestamp":"2025-02-01T05:26:13.136Z"}
{"level":"info","message":"User Activity: GET /api/captcha - ::1","timestamp":"2025-02-01T05:26:13.234Z"}
{"level":"info","message":"User Activity: OPTIONS /api/verify-captcha - ::1","timestamp":"2025-02-01T05:26:42.296Z"}
{"level":"info","message":"User Activity: POST /api/verify-captcha - ::1","timestamp":"2025-02-01T05:26:42.300Z"}
{"level":"info","message":"User Activity: OPTIONS /users/login - ::1","timestamp":"2025-02-01T05:26:43.678Z"}
{"level":"info","message":"User Activity: POST /users/login - ::1","timestamp":"2025-02-01T05:26:43.679Z"}
{"level":"info","message":"User b93cfc5cab131328f2a4153a4da0c814:ad60ae508407cf23d76b66327e8436b4c59deb9522811747a0c56404c2c19553 logged in at 2025-02-01T05:26:43.874Z","timestamp":"2025-02-01T05:26:43.874Z"}
{"level":"info","message":"User Activity: OPTIONS /users/details - ::1","timestamp":"2025-02-01T05:26:43.927Z"}
{"level":"info","message":"User Activity: GET /users/details - ::1","timestamp":"2025-02-01T05:26:43.929Z"}
{"level":"info","message":"User Activity: OPTIONS /courses/ - ::1","timestamp":"2025-02-01T05:26:44.079Z"}
{"level":"info","message":"User Activity: GET /courses/ - ::1","timestamp":"2025-02-01T05:26:44.082Z"}
{"level":"info","message":"User Activity: OPTIONS /courses/ - ::1","timestamp":"2025-02-01T05:26:44.089Z"}
{"level":"info","message":"User Activity: GET /courses/ - ::1","timestamp":"2025-02-01T05:26:44.143Z"}
{"level":"info","message":"User Activity: GET /api/captcha - ::1","timestamp":"2025-02-01T05:26:54.577Z"}
{"level":"info","message":"User Activity: GET /api/captcha - ::1","timestamp":"2025-02-01T05:26:54.633Z"}
{"level":"info","message":"User Activity: OPTIONS /api/verify-captcha - ::1","timestamp":"2025-02-01T05:27:17.329Z"}
{"level":"info","message":"User Activity: POST /api/verify-captcha - ::1","timestamp":"2025-02-01T05:27:17.334Z"}
{"level":"info","message":"User Activity: OPTIONS /users/login - ::1","timestamp":"2025-02-01T05:27:18.276Z"}
{"level":"info","message":"User Activity: POST /users/login - ::1","timestamp":"2025-02-01T05:27:18.278Z"}
{"level":"info","message":"User e9494cdfa43b537a58a96f9a8e1bb26b:ccab7a76f4beb36ca953b6a407d13c8e87343cec1e3f096c07045e374b91783e logged in at 2025-02-01T05:27:18.427Z","timestamp":"2025-02-01T05:27:18.427Z"}
{"level":"info","message":"User Activity: OPTIONS /users/details - ::1","timestamp":"2025-02-01T05:27:18.492Z"}
{"level":"info","message":"User Activity: GET /users/details - ::1","timestamp":"2025-02-01T05:27:18.494Z"}
{"level":"info","message":"User Activity: OPTIONS /courses/all - ::1","timestamp":"2025-02-01T05:27:18.644Z"}
{"level":"info","message":"User Activity: OPTIONS /courses/all - ::1","timestamp":"2025-02-01T05:27:18.649Z"}
{"level":"info","message":"User Activity: GET /courses/all - ::1","timestamp":"2025-02-01T05:27:18.657Z"}
{"level":"info","message":"User Activity: GET /courses/all - ::1","timestamp":"2025-02-01T05:27:18.720Z"}
