{"level":"info","message":"User Activity: GET /api/captcha - ::1","timestamp":"2025-02-02T12:38:05.747Z"}
{"level":"info","message":"User Activity: OPTIONS /users/details - ::1","timestamp":"2025-02-02T12:38:05.765Z"}
{"level":"info","message":"User Activity: GET /users/details - ::1","timestamp":"2025-02-02T12:38:05.777Z"}
{"level":"info","message":"User Activity: OPTIONS /users/details - ::1","timestamp":"2025-02-02T12:38:05.814Z"}
{"level":"info","message":"User Activity: GET /api/captcha - ::1","timestamp":"2025-02-02T12:38:05.856Z"}
{"level":"info","message":"User Activity: GET /users/details - ::1","timestamp":"2025-02-02T12:38:05.878Z"}
{"level":"info","message":"User Activity: OPTIONS /courses/ - ::1","timestamp":"2025-02-02T12:38:06.110Z"}
{"level":"info","message":"User Activity: OPTIONS /courses/ - ::1","timestamp":"2025-02-02T12:38:06.117Z"}
{"level":"info","message":"User Activity: GET /courses/ - ::1","timestamp":"2025-02-02T12:38:06.128Z"}
{"level":"info","message":"User Activity: GET /courses/ - ::1","timestamp":"2025-02-02T12:38:06.206Z"}
{"level":"info","message":"User Activity: GET /courses/ - ::1","timestamp":"2025-02-02T12:38:06.272Z"}
{"level":"info","message":"User Activity: GET /users/details - ::1","timestamp":"2025-02-02T12:38:09.841Z"}
{"level":"info","message":"User Activity: GET /users/details - ::1","timestamp":"2025-02-02T12:38:09.913Z"}
{"level":"info","message":"User Activity: GET /users/logout - ::1","timestamp":"2025-02-02T12:40:11.051Z"}
{"level":"info","message":"User Activity: OPTIONS /courses/ - ::1","timestamp":"2025-02-02T12:40:11.073Z"}
{"level":"info","message":"User Activity: OPTIONS /courses/ - ::1","timestamp":"2025-02-02T12:40:11.089Z"}
{"level":"info","message":"User Activity: GET /courses/ - ::1","timestamp":"2025-02-02T12:40:11.092Z"}
{"level":"info","message":"User Activity: GET /users/logout - ::1","timestamp":"2025-02-02T12:40:11.127Z"}
{"level":"info","message":"User Activity: GET /courses/ - ::1","timestamp":"2025-02-02T12:40:11.157Z"}
{"level":"info","message":"User Activity: GET /courses/ - ::1","timestamp":"2025-02-02T12:40:11.214Z"}
{"level":"info","message":"User Activity: GET /courses/ - ::1","timestamp":"2025-02-02T12:40:11.278Z"}
{"level":"info","message":"User Activity: GET /api/captcha - ::1","timestamp":"2025-02-02T12:40:12.849Z"}
{"level":"info","message":"User Activity: GET /api/captcha - ::1","timestamp":"2025-02-02T12:40:12.875Z"}
{"level":"info","message":"User Activity: OPTIONS /api/verify-captcha - ::1","timestamp":"2025-02-02T12:40:39.368Z"}
{"level":"info","message":"User Activity: POST /api/verify-captcha - ::1","timestamp":"2025-02-02T12:40:39.392Z"}
{"level":"info","message":"User Activity: GET /api/captcha - ::1","timestamp":"2025-02-02T12:41:03.936Z"}
{"level":"info","message":"User Activity: GET /api/captcha - ::1","timestamp":"2025-02-02T12:41:04.009Z"}
{"level":"info","message":"User Activity: OPTIONS /api/verify-captcha - ::1","timestamp":"2025-02-02T12:41:27.710Z"}
{"level":"info","message":"User Activity: POST /api/verify-captcha - ::1","timestamp":"2025-02-02T12:41:27.719Z"}
{"level":"info","message":"User Activity: POST /api/verify-captcha - ::1","timestamp":"2025-02-02T12:41:28.241Z"}
{"level":"info","message":"User Activity: GET /api/captcha - ::1","timestamp":"2025-02-02T12:41:57.722Z"}
{"level":"info","message":"User Activity: GET /api/captcha - ::1","timestamp":"2025-02-02T12:41:57.789Z"}
{"level":"info","message":"User Activity: OPTIONS /users/forgot-password - ::1","timestamp":"2025-02-02T13:00:20.283Z"}
{"level":"info","message":"User Activity: POST /users/forgot-password - ::1","timestamp":"2025-02-02T13:00:20.304Z"}
{"level":"info","message":"User Activity: OPTIONS /users/verify-otp - ::1","timestamp":"2025-02-02T13:00:56.492Z"}
{"level":"info","message":"User Activity: POST /users/verify-otp - ::1","timestamp":"2025-02-02T13:00:56.495Z"}
{"level":"info","message":"User Activity: OPTIONS /users/change-password - ::1","timestamp":"2025-02-02T13:01:11.076Z"}
{"level":"info","message":"User Activity: PUT /users/change-password - ::1","timestamp":"2025-02-02T13:01:11.079Z"}
{"level":"info","message":"User Activity: GET /api/captcha - ::1","timestamp":"2025-02-02T13:01:36.554Z"}
{"level":"info","message":"User Activity: GET /api/captcha - ::1","timestamp":"2025-02-02T13:01:36.568Z"}
{"level":"info","message":"User Activity: OPTIONS /users/forgot-password - ::1","timestamp":"2025-02-02T13:01:50.976Z"}
{"level":"info","message":"User Activity: POST /users/forgot-password - ::1","timestamp":"2025-02-02T13:01:50.982Z"}
{"level":"info","message":"User Activity: POST /users/forgot-password - ::1","timestamp":"2025-02-02T13:01:52.224Z"}
{"level":"info","message":"User Activity: GET /api/captcha - ::1","timestamp":"2025-02-02T13:01:59.472Z"}
{"level":"info","message":"User Activity: GET /api/captcha - ::1","timestamp":"2025-02-02T13:01:59.533Z"}
{"level":"info","message":"User Activity: OPTIONS /users/forgot-password - ::1","timestamp":"2025-02-02T13:02:26.459Z"}
{"level":"info","message":"User Activity: POST /users/forgot-password - ::1","timestamp":"2025-02-02T13:02:26.461Z"}
{"level":"info","message":"User Activity: OPTIONS /users/verify-otp - ::1","timestamp":"2025-02-02T13:02:57.724Z"}
{"level":"info","message":"User Activity: POST /users/verify-otp - ::1","timestamp":"2025-02-02T13:02:57.725Z"}
{"level":"info","message":"User Activity: OPTIONS /users/change-password - ::1","timestamp":"2025-02-02T13:03:12.325Z"}
{"level":"info","message":"User Activity: PUT /users/change-password - ::1","timestamp":"2025-02-02T13:03:12.327Z"}
{"level":"info","message":"User Activity: OPTIONS /courses/ - ::1","timestamp":"2025-02-02T13:03:14.686Z"}
{"level":"info","message":"User Activity: OPTIONS /courses/ - ::1","timestamp":"2025-02-02T13:03:14.693Z"}
{"level":"info","message":"User Activity: OPTIONS /courses/ - ::1","timestamp":"2025-02-02T13:03:14.697Z"}
{"level":"info","message":"User Activity: GET /courses/ - ::1","timestamp":"2025-02-02T13:03:14.706Z"}
{"level":"info","message":"User Activity: OPTIONS /courses/ - ::1","timestamp":"2025-02-02T13:03:14.711Z"}
{"level":"info","message":"User Activity: GET /courses/ - ::1","timestamp":"2025-02-02T13:03:14.761Z"}
{"level":"info","message":"User Activity: GET /courses/ - ::1","timestamp":"2025-02-02T13:03:14.820Z"}
{"level":"info","message":"User Activity: GET /courses/ - ::1","timestamp":"2025-02-02T13:03:14.876Z"}
{"level":"info","message":"User Activity: GET /api/captcha - ::1","timestamp":"2025-02-02T13:09:07.272Z"}
{"level":"info","message":"User Activity: GET /api/captcha - ::1","timestamp":"2025-02-02T13:09:07.287Z"}
{"level":"info","message":"User Activity: OPTIONS /api/verify-captcha - ::1","timestamp":"2025-02-02T13:09:30.976Z"}
{"level":"info","message":"User Activity: POST /api/verify-captcha - ::1","timestamp":"2025-02-02T13:09:30.982Z"}
{"level":"info","message":"User Activity: OPTIONS /api/verify-captcha - ::1","timestamp":"2025-02-02T13:09:53.345Z"}
{"level":"info","message":"User Activity: POST /api/verify-captcha - ::1","timestamp":"2025-02-02T13:09:53.349Z"}
{"level":"info","message":"User Activity: POST /api/verify-captcha - ::1","timestamp":"2025-02-02T13:09:56.575Z"}
{"level":"info","message":"User Activity: OPTIONS /users/login - ::1","timestamp":"2025-02-02T13:09:57.844Z"}
{"level":"info","message":"User Activity: POST /users/login - ::1","timestamp":"2025-02-02T13:09:57.845Z"}
{"level":"info","message":"User b93cfc5cab131328f2a4153a4da0c814:ad60ae508407cf23d76b66327e8436b4c59deb9522811747a0c56404c2c19553 logged in at 2025-02-02T13:09:57.995Z","timestamp":"2025-02-02T13:09:57.995Z"}
{"level":"info","message":"User Activity: OPTIONS /users/details - ::1","timestamp":"2025-02-02T13:09:58.165Z"}
{"level":"info","message":"User Activity: GET /users/details - ::1","timestamp":"2025-02-02T13:09:58.166Z"}
{"level":"info","message":"User Activity: OPTIONS /courses/ - ::1","timestamp":"2025-02-02T13:09:58.308Z"}
{"level":"info","message":"User Activity: OPTIONS /courses/ - ::1","timestamp":"2025-02-02T13:09:58.313Z"}
{"level":"info","message":"User Activity: GET /courses/ - ::1","timestamp":"2025-02-02T13:09:58.318Z"}
{"level":"info","message":"User Activity: GET /courses/ - ::1","timestamp":"2025-02-02T13:09:58.376Z"}
{"level":"info","message":"User Activity: GET /courses/ - ::1","timestamp":"2025-02-02T13:10:02.079Z"}
{"level":"info","message":"User Activity: GET /courses/ - ::1","timestamp":"2025-02-02T13:10:02.139Z"}
{"level":"info","message":"User Activity: GET /courses/ - ::1","timestamp":"2025-02-02T13:10:02.191Z"}
{"level":"info","message":"User Activity: GET /courses/ - ::1","timestamp":"2025-02-02T13:10:02.246Z"}
{"level":"info","message":"User Activity: OPTIONS /courses/ - ::1","timestamp":"2025-02-02T13:10:09.075Z"}
{"level":"info","message":"User Activity: OPTIONS /users/details - ::1","timestamp":"2025-02-02T13:10:09.080Z"}
{"level":"info","message":"User Activity: OPTIONS /courses/ - ::1","timestamp":"2025-02-02T13:10:09.083Z"}
{"level":"info","message":"User Activity: OPTIONS /courses/ - ::1","timestamp":"2025-02-02T13:10:09.084Z"}
{"level":"info","message":"User Activity: OPTIONS /courses/ - ::1","timestamp":"2025-02-02T13:10:09.092Z"}
{"level":"info","message":"User Activity: OPTIONS /users/details - ::1","timestamp":"2025-02-02T13:10:09.093Z"}
{"level":"info","message":"User Activity: GET /courses/ - ::1","timestamp":"2025-02-02T13:10:09.094Z"}
{"level":"info","message":"User Activity: GET /users/details - ::1","timestamp":"2025-02-02T13:10:09.098Z"}
{"level":"info","message":"User Activity: GET /users/details - ::1","timestamp":"2025-02-02T13:10:09.151Z"}
{"level":"info","message":"User Activity: GET /courses/ - ::1","timestamp":"2025-02-02T13:10:09.159Z"}
{"level":"info","message":"User Activity: GET /courses/ - ::1","timestamp":"2025-02-02T13:10:09.220Z"}
{"level":"info","message":"User Activity: GET /courses/ - ::1","timestamp":"2025-02-02T13:10:09.283Z"}
{"level":"info","message":"User Activity: GET /users/logout - ::1","timestamp":"2025-02-02T13:10:15.986Z"}
{"level":"info","message":"User Activity: OPTIONS /courses/ - ::1","timestamp":"2025-02-02T13:10:15.995Z"}
{"level":"info","message":"User Activity: OPTIONS /courses/ - ::1","timestamp":"2025-02-02T13:10:15.997Z"}
{"level":"info","message":"User Activity: GET /courses/ - ::1","timestamp":"2025-02-02T13:10:15.999Z"}
{"level":"info","message":"User Activity: GET /courses/ - ::1","timestamp":"2025-02-02T13:10:16.051Z"}
{"level":"info","message":"User Activity: GET /users/logout - ::1","timestamp":"2025-02-02T13:10:16.098Z"}
{"level":"info","message":"User Activity: GET /courses/ - ::1","timestamp":"2025-02-02T13:10:16.122Z"}
{"level":"info","message":"User Activity: GET /courses/ - ::1","timestamp":"2025-02-02T13:10:16.208Z"}
{"level":"info","message":"User Activity: GET /api/captcha - ::1","timestamp":"2025-02-02T13:10:18.495Z"}
{"level":"info","message":"User Activity: GET /api/captcha - ::1","timestamp":"2025-02-02T13:10:18.513Z"}
{"level":"info","message":"User Activity: OPTIONS /api/verify-captcha - ::1","timestamp":"2025-02-02T13:10:46.841Z"}
{"level":"info","message":"User Activity: POST /api/verify-captcha - ::1","timestamp":"2025-02-02T13:10:46.845Z"}
{"level":"info","message":"User Activity: OPTIONS /users/login - ::1","timestamp":"2025-02-02T13:10:47.990Z"}
{"level":"info","message":"User Activity: POST /users/login - ::1","timestamp":"2025-02-02T13:10:47.991Z"}
{"level":"info","message":"User e9494cdfa43b537a58a96f9a8e1bb26b:ccab7a76f4beb36ca953b6a407d13c8e87343cec1e3f096c07045e374b91783e logged in at 2025-02-02T13:10:48.163Z","timestamp":"2025-02-02T13:10:48.163Z"}
{"level":"info","message":"User Activity: OPTIONS /users/details - ::1","timestamp":"2025-02-02T13:10:48.327Z"}
{"level":"info","message":"User Activity: GET /users/details - ::1","timestamp":"2025-02-02T13:10:48.329Z"}
{"level":"info","message":"User Activity: OPTIONS /courses/all - ::1","timestamp":"2025-02-02T13:10:48.453Z"}
{"level":"info","message":"User Activity: OPTIONS /courses/all - ::1","timestamp":"2025-02-02T13:10:48.458Z"}
{"level":"info","message":"User Activity: GET /courses/all - ::1","timestamp":"2025-02-02T13:10:48.463Z"}
{"level":"info","message":"User Activity: GET /courses/all - ::1","timestamp":"2025-02-02T13:10:48.527Z"}
{"level":"info","message":"User Activity: OPTIONS /courses/ - ::1","timestamp":"2025-02-02T13:10:51.599Z"}
{"level":"info","message":"User Activity: OPTIONS /courses/ - ::1","timestamp":"2025-02-02T13:10:51.603Z"}
{"level":"info","message":"User Activity: GET /courses/ - ::1","timestamp":"2025-02-02T13:10:51.607Z"}
{"level":"info","message":"User Activity: OPTIONS /courses/ - ::1","timestamp":"2025-02-02T13:10:51.609Z"}
{"level":"info","message":"User Activity: OPTIONS /courses/ - ::1","timestamp":"2025-02-02T13:10:51.610Z"}
{"level":"info","message":"User Activity: GET /courses/ - ::1","timestamp":"2025-02-02T13:10:51.667Z"}
{"level":"info","message":"User Activity: GET /courses/ - ::1","timestamp":"2025-02-02T13:10:51.720Z"}
{"level":"info","message":"User Activity: GET /courses/ - ::1","timestamp":"2025-02-02T13:10:51.776Z"}
{"level":"info","message":"User Activity: GET /courses/all - ::1","timestamp":"2025-02-02T13:10:52.480Z"}
{"level":"info","message":"User Activity: GET /courses/all - ::1","timestamp":"2025-02-02T13:10:52.541Z"}
{"level":"info","message":"User Activity: GET /users/logout - ::1","timestamp":"2025-02-02T13:34:25.162Z"}
{"level":"info","message":"User Activity: OPTIONS /courses/all - ::1","timestamp":"2025-02-02T13:34:25.184Z"}
{"level":"info","message":"User Activity: GET /courses/all - ::1","timestamp":"2025-02-02T13:34:25.189Z"}
{"level":"info","message":"User Activity: OPTIONS /courses/all - ::1","timestamp":"2025-02-02T13:34:25.199Z"}
{"level":"info","message":"User Activity: GET /users/logout - ::1","timestamp":"2025-02-02T13:34:25.233Z"}
{"level":"info","message":"User Activity: OPTIONS /courses/ - ::1","timestamp":"2025-02-02T13:34:25.238Z"}
{"level":"info","message":"User Activity: GET /courses/ - ::1","timestamp":"2025-02-02T13:34:25.240Z"}
{"level":"info","message":"User Activity: GET /courses/all - ::1","timestamp":"2025-02-02T13:34:25.258Z"}
{"level":"info","message":"User Activity: GET /courses/ - ::1","timestamp":"2025-02-02T13:34:25.319Z"}
{"level":"info","message":"User Activity: GET /api/captcha - ::1","timestamp":"2025-02-02T13:34:27.333Z"}
{"level":"info","message":"User Activity: GET /api/captcha - ::1","timestamp":"2025-02-02T13:34:27.361Z"}
{"level":"info","message":"User Activity: GET /api/captcha - ::1","timestamp":"2025-02-02T13:41:25.713Z"}
{"level":"info","message":"User Activity: GET /api/captcha - ::1","timestamp":"2025-02-02T13:41:25.797Z"}
{"level":"info","message":"User Activity: GET /api/captcha - ::1","timestamp":"2025-02-02T14:08:48.153Z"}
{"level":"info","message":"User Activity: GET /api/captcha - ::1","timestamp":"2025-02-02T14:08:48.237Z"}
{"level":"info","message":"User Activity: OPTIONS /api/verify-captcha - ::1","timestamp":"2025-02-02T14:09:10.462Z"}
{"level":"info","message":"User Activity: POST /api/verify-captcha - ::1","timestamp":"2025-02-02T14:09:10.479Z"}
{"level":"info","message":"User Activity: OPTIONS /users/login - ::1","timestamp":"2025-02-02T14:09:11.258Z"}
{"level":"info","message":"User Activity: POST /users/login - ::1","timestamp":"2025-02-02T14:09:11.262Z"}
{"level":"info","message":"User b93cfc5cab131328f2a4153a4da0c814:ad60ae508407cf23d76b66327e8436b4c59deb9522811747a0c56404c2c19553 logged in at 2025-02-02T14:09:11.446Z","timestamp":"2025-02-02T14:09:11.446Z"}
{"level":"info","message":"User Activity: OPTIONS /users/details - ::1","timestamp":"2025-02-02T14:09:11.634Z"}
{"level":"info","message":"User Activity: GET /users/details - ::1","timestamp":"2025-02-02T14:09:11.636Z"}
{"level":"info","message":"User Activity: OPTIONS /courses/ - ::1","timestamp":"2025-02-02T14:09:11.795Z"}
{"level":"info","message":"User Activity: OPTIONS /courses/ - ::1","timestamp":"2025-02-02T14:09:11.801Z"}
{"level":"info","message":"User Activity: GET /courses/ - ::1","timestamp":"2025-02-02T14:09:11.812Z"}
{"level":"info","message":"User Activity: GET /courses/ - ::1","timestamp":"2025-02-02T14:09:11.881Z"}
{"level":"info","message":"User Activity: OPTIONS /courses/ - ::1","timestamp":"2025-02-02T14:10:15.003Z"}
{"level":"info","message":"User Activity: OPTIONS /courses/ - ::1","timestamp":"2025-02-02T14:10:15.023Z"}
{"level":"info","message":"User Activity: OPTIONS /users/details - ::1","timestamp":"2025-02-02T14:10:15.027Z"}
{"level":"info","message":"User Activity: OPTIONS /users/details - ::1","timestamp":"2025-02-02T14:10:15.029Z"}
{"level":"info","message":"User Activity: GET /courses/ - ::1","timestamp":"2025-02-02T14:10:15.037Z"}
{"level":"info","message":"User Activity: GET /users/details - ::1","timestamp":"2025-02-02T14:10:15.057Z"}
{"level":"info","message":"User Activity: GET /courses/ - ::1","timestamp":"2025-02-02T14:10:15.121Z"}
{"level":"info","message":"User Activity: GET /users/details - ::1","timestamp":"2025-02-02T14:10:15.142Z"}
{"level":"info","message":"User Activity: GET /courses/ - ::1","timestamp":"2025-02-02T14:10:15.556Z"}
{"level":"info","message":"User Activity: GET /courses/ - ::1","timestamp":"2025-02-02T14:10:15.613Z"}
{"level":"info","message":"User Activity: GET /users/details - ::1","timestamp":"2025-02-02T14:10:17.741Z"}
{"level":"info","message":"User Activity: GET /users/details - ::1","timestamp":"2025-02-02T14:10:17.804Z"}
{"level":"info","message":"User Activity: OPTIONS /users/reset-password - ::1","timestamp":"2025-02-02T14:10:31.316Z"}
{"level":"info","message":"User Activity: PUT /users/reset-password - ::1","timestamp":"2025-02-02T14:10:31.327Z"}
{"level":"info","message":"User Activity: PUT /users/reset-password - ::1","timestamp":"2025-02-02T14:10:35.384Z"}
{"level":"info","message":"User Activity: OPTIONS /courses/ - ::1","timestamp":"2025-02-02T14:10:38.360Z"}
{"level":"info","message":"User Activity: GET /users/logout - ::1","timestamp":"2025-02-02T14:10:38.364Z"}
{"level":"info","message":"User Activity: OPTIONS /courses/ - ::1","timestamp":"2025-02-02T14:10:38.370Z"}
{"level":"info","message":"User Activity: GET /courses/ - ::1","timestamp":"2025-02-02T14:10:38.374Z"}
{"level":"info","message":"User Activity: GET /courses/ - ::1","timestamp":"2025-02-02T14:10:38.441Z"}
{"level":"info","message":"User Activity: GET /users/logout - ::1","timestamp":"2025-02-02T14:10:38.464Z"}
{"level":"info","message":"User Activity: GET /courses/ - ::1","timestamp":"2025-02-02T14:10:38.501Z"}
{"level":"info","message":"User Activity: GET /courses/ - ::1","timestamp":"2025-02-02T14:10:38.558Z"}
{"level":"info","message":"User Activity: GET /api/captcha - ::1","timestamp":"2025-02-02T14:10:40.018Z"}
{"level":"info","message":"User Activity: GET /api/captcha - ::1","timestamp":"2025-02-02T14:10:40.036Z"}
{"level":"info","message":"User Activity: OPTIONS /api/verify-captcha - ::1","timestamp":"2025-02-02T14:10:56.949Z"}
{"level":"info","message":"User Activity: POST /api/verify-captcha - ::1","timestamp":"2025-02-02T14:10:56.957Z"}
{"level":"info","message":"User Activity: OPTIONS /users/login - ::1","timestamp":"2025-02-02T14:10:58.276Z"}
{"level":"info","message":"User Activity: POST /users/login - ::1","timestamp":"2025-02-02T14:10:58.278Z"}
{"level":"info","message":"User b93cfc5cab131328f2a4153a4da0c814:ad60ae508407cf23d76b66327e8436b4c59deb9522811747a0c56404c2c19553 logged in at 2025-02-02T14:10:58.450Z","timestamp":"2025-02-02T14:10:58.450Z"}
{"level":"info","message":"User Activity: OPTIONS /users/details - ::1","timestamp":"2025-02-02T14:10:58.662Z"}
{"level":"info","message":"User Activity: GET /users/details - ::1","timestamp":"2025-02-02T14:10:58.664Z"}
{"level":"info","message":"User Activity: OPTIONS /courses/ - ::1","timestamp":"2025-02-02T14:10:58.825Z"}
{"level":"info","message":"User Activity: OPTIONS /courses/ - ::1","timestamp":"2025-02-02T14:10:58.835Z"}
{"level":"info","message":"User Activity: GET /courses/ - ::1","timestamp":"2025-02-02T14:10:58.839Z"}
{"level":"info","message":"User Activity: GET /courses/ - ::1","timestamp":"2025-02-02T14:10:58.944Z"}
{"level":"info","message":"User Activity: GET /users/details - ::1","timestamp":"2025-02-02T14:11:01.514Z"}
{"level":"info","message":"User Activity: GET /users/details - ::1","timestamp":"2025-02-02T14:11:01.612Z"}
{"level":"info","message":"User Activity: GET /users/details - ::1","timestamp":"2025-02-02T14:11:03.475Z"}
{"level":"info","message":"User Activity: GET /courses/ - ::1","timestamp":"2025-02-02T14:11:03.495Z"}
{"level":"info","message":"User Activity: GET /users/details - ::1","timestamp":"2025-02-02T14:11:03.597Z"}
{"level":"info","message":"User Activity: GET /courses/ - ::1","timestamp":"2025-02-02T14:11:03.605Z"}
{"level":"info","message":"User Activity: GET /users/details - ::1","timestamp":"2025-02-02T14:11:03.686Z"}
{"level":"info","message":"User Activity: GET /users/details - ::1","timestamp":"2025-02-02T14:11:03.752Z"}
{"level":"info","message":"User Activity: OPTIONS /courses/ - ::1","timestamp":"2025-02-02T14:11:03.880Z"}
{"level":"info","message":"User Activity: GET /courses/ - ::1","timestamp":"2025-02-02T14:11:03.884Z"}
{"level":"info","message":"User Activity: GET /courses/ - ::1","timestamp":"2025-02-02T14:11:03.949Z"}
{"level":"info","message":"User Activity: OPTIONS /courses/ - ::1","timestamp":"2025-02-02T14:16:03.931Z"}
{"level":"info","message":"User Activity: OPTIONS /users/details - ::1","timestamp":"2025-02-02T14:16:03.943Z"}
{"level":"info","message":"User Activity: OPTIONS /courses/ - ::1","timestamp":"2025-02-02T14:16:03.945Z"}
{"level":"info","message":"User Activity: OPTIONS /users/details - ::1","timestamp":"2025-02-02T14:16:03.950Z"}
{"level":"info","message":"User Activity: GET /courses/ - ::1","timestamp":"2025-02-02T14:16:03.952Z"}
{"level":"info","message":"User Activity: GET /users/details - ::1","timestamp":"2025-02-02T14:16:03.965Z"}
{"level":"info","message":"User Activity: GET /users/details - ::1","timestamp":"2025-02-02T14:16:04.064Z"}
{"level":"info","message":"User Activity: GET /courses/ - ::1","timestamp":"2025-02-02T14:16:04.070Z"}
{"level":"info","message":"User Activity: GET /courses/ - ::1","timestamp":"2025-02-02T14:16:04.296Z"}
{"level":"info","message":"User Activity: GET /users/logout - ::1","timestamp":"2025-02-02T14:16:46.050Z"}
{"level":"info","message":"User Activity: OPTIONS /courses/ - ::1","timestamp":"2025-02-02T14:16:46.061Z"}
{"level":"info","message":"User Activity: OPTIONS /courses/ - ::1","timestamp":"2025-02-02T14:16:46.064Z"}
{"level":"info","message":"User Activity: GET /courses/ - ::1","timestamp":"2025-02-02T14:16:46.073Z"}
{"level":"info","message":"User Activity: GET /courses/ - ::1","timestamp":"2025-02-02T14:16:46.157Z"}
{"level":"info","message":"User Activity: GET /users/logout - ::1","timestamp":"2025-02-02T14:16:46.230Z"}
{"level":"info","message":"User Activity: GET /courses/ - ::1","timestamp":"2025-02-02T14:16:46.233Z"}
{"level":"info","message":"User Activity: GET /courses/ - ::1","timestamp":"2025-02-02T14:16:46.398Z"}
{"level":"info","message":"User Activity: GET /api/captcha - ::1","timestamp":"2025-02-02T14:16:47.714Z"}
{"level":"info","message":"User Activity: GET /api/captcha - ::1","timestamp":"2025-02-02T14:16:47.738Z"}
{"level":"info","message":"User Activity: OPTIONS /api/verify-captcha - ::1","timestamp":"2025-02-02T14:17:04.874Z"}
{"level":"info","message":"User Activity: POST /api/verify-captcha - ::1","timestamp":"2025-02-02T14:17:04.894Z"}
{"level":"info","message":"User Activity: OPTIONS /api/verify-captcha - ::1","timestamp":"2025-02-02T14:17:22.025Z"}
{"level":"info","message":"User Activity: POST /api/verify-captcha - ::1","timestamp":"2025-02-02T14:17:22.034Z"}
{"level":"info","message":"User Activity: POST /api/verify-captcha - ::1","timestamp":"2025-02-02T14:17:23.487Z"}
{"level":"info","message":"User Activity: POST /api/verify-captcha - ::1","timestamp":"2025-02-02T14:17:24.134Z"}
{"level":"info","message":"User Activity: GET /api/captcha - ::1","timestamp":"2025-02-02T14:17:27.976Z"}
{"level":"info","message":"User Activity: GET /api/captcha - ::1","timestamp":"2025-02-02T14:17:28.088Z"}
{"level":"info","message":"User Activity: GET /api/captcha - ::1","timestamp":"2025-02-02T14:17:52.723Z"}
{"level":"info","message":"User Activity: GET /api/captcha - ::1","timestamp":"2025-02-02T14:17:52.858Z"}
{"level":"info","message":"User Activity: OPTIONS /api/verify-captcha - ::1","timestamp":"2025-02-02T14:18:06.542Z"}
{"level":"info","message":"User Activity: POST /api/verify-captcha - ::1","timestamp":"2025-02-02T14:18:06.562Z"}
{"level":"info","message":"User Activity: OPTIONS /users/login - ::1","timestamp":"2025-02-02T14:18:07.536Z"}
{"level":"info","message":"User Activity: POST /users/login - ::1","timestamp":"2025-02-02T14:18:07.539Z"}
{"level":"info","message":"User b93cfc5cab131328f2a4153a4da0c814:ad60ae508407cf23d76b66327e8436b4c59deb9522811747a0c56404c2c19553 logged in at 2025-02-02T14:18:07.709Z","timestamp":"2025-02-02T14:18:07.709Z"}
{"level":"info","message":"User Activity: OPTIONS /users/details - ::1","timestamp":"2025-02-02T14:18:07.914Z"}
{"level":"info","message":"User Activity: GET /users/details - ::1","timestamp":"2025-02-02T14:18:07.920Z"}
{"level":"info","message":"User Activity: OPTIONS /courses/ - ::1","timestamp":"2025-02-02T14:18:08.097Z"}
{"level":"info","message":"User Activity: OPTIONS /courses/ - ::1","timestamp":"2025-02-02T14:18:08.104Z"}
{"level":"info","message":"User Activity: GET /courses/ - ::1","timestamp":"2025-02-02T14:18:08.110Z"}
{"level":"info","message":"User Activity: GET /courses/ - ::1","timestamp":"2025-02-02T14:18:08.181Z"}
{"level":"info","message":"User Activity: GET /users/details - ::1","timestamp":"2025-02-02T14:18:11.219Z"}
{"level":"info","message":"User Activity: GET /users/details - ::1","timestamp":"2025-02-02T14:18:11.297Z"}
{"level":"info","message":"User Activity: OPTIONS /users/reset-password - ::1","timestamp":"2025-02-02T14:18:20.788Z"}
{"level":"info","message":"User Activity: PUT /users/reset-password - ::1","timestamp":"2025-02-02T14:18:20.790Z"}
